SF:lib\src\data\datasources\local\categories_local_datasource.dart
DA:14,0
DA:18,0
DA:22,0
DA:28,0
DA:30,0
LF:5
LH:0
end_of_record
SF:lib\src\data\datasources\remote\categories_datasource.dart
DA:14,0
DA:18,0
DA:20,0
DA:21,0
DA:22,0
DA:25,0
DA:30,0
DA:34,0
DA:35,0
DA:36,0
DA:39,0
LF:11
LH:0
end_of_record
SF:lib\src\data\db\db.g.dart
DA:11,0
DA:54,0
DA:55,0
DA:56,0
DA:57,0
DA:58,0
DA:61,0
DA:66,0
DA:67,0
DA:68,0
DA:69,0
DA:71,0
DA:73,0
DA:74,0
DA:76,0
DA:79,0
DA:81,0
DA:82,0
DA:84,0
DA:87,0
DA:89,0
DA:90,0
DA:92,0
DA:95,0
DA:100,0
DA:102,0
DA:104,0
DA:105,0
DA:106,0
DA:108,0
DA:110,0
DA:112,0
DA:114,0
DA:116,0
DA:118,0
DA:120,0
DA:125,0
DA:127,0
DA:136,0
DA:142,0
DA:144,0
DA:145,0
DA:146,0
DA:147,0
DA:148,0
DA:152,0
DA:153,0
DA:154,0
DA:155,0
DA:156,0
DA:157,0
DA:161,0
DA:165,0
DA:166,0
DA:167,0
DA:168,0
DA:169,0
DA:170,0
DA:173,0
DA:175,0
DA:176,0
DA:177,0
DA:178,0
DA:179,0
DA:180,0
DA:184,0
DA:189,0
DA:190,0
DA:191,0
DA:192,0
DA:193,0
DA:195,0
DA:196,0
DA:197,0
DA:198,0
DA:199,0
DA:200,0
DA:204,0
DA:206,0
DA:207,0
DA:208,0
DA:209,0
DA:210,0
DA:211,0
DA:212,0
DA:215,0
DA:216,0
DA:217,0
DA:220,0
DA:221,0
DA:222,0
DA:223,0
DA:224,0
DA:233,0
DA:240,0
DA:246,0
DA:247,0
DA:248,0
DA:249,0
DA:250,0
DA:257,0
DA:258,0
DA:259,0
DA:260,0
DA:261,0
DA:262,0
DA:266,0
DA:273,0
DA:274,0
DA:275,0
DA:276,0
DA:277,0
DA:278,0
DA:282,0
DA:284,0
DA:285,0
DA:286,0
DA:288,0
DA:289,0
DA:291,0
DA:292,0
DA:294,0
DA:295,0
DA:297,0
DA:298,0
DA:303,0
DA:305,0
DA:306,0
DA:307,0
DA:308,0
DA:309,0
DA:310,0
DA:311,0
DA:312,0
DA:321,0
DA:408,0
DA:409,0
DA:410,0
DA:411,0
DA:412,0
DA:413,0
DA:414,0
DA:415,0
DA:416,0
DA:417,0
DA:419,0
DA:420,0
DA:421,0
DA:424,0
DA:429,0
DA:430,0
DA:431,0
DA:432,0
DA:434,0
DA:436,0
DA:437,0
DA:439,0
DA:442,0
DA:444,0
DA:445,0
DA:447,0
DA:450,0
DA:452,0
DA:453,0
DA:455,0
DA:458,0
DA:460,0
DA:461,0
DA:463,0
DA:464,0
DA:469,0
DA:471,0
DA:472,0
DA:474,0
DA:477,0
DA:479,0
DA:480,0
DA:482,0
DA:485,0
DA:487,0
DA:488,0
DA:490,0
DA:496,0
DA:498,0
DA:500,0
DA:501,0
DA:502,0
DA:504,0
DA:506,0
DA:508,0
DA:510,0
DA:512,0
DA:514,0
DA:516,0
DA:518,0
DA:520,0
DA:522,0
DA:524,0
DA:526,0
DA:528,0
DA:530,0
DA:532,0
DA:537,0
DA:539,0
DA:553,0
DA:563,0
DA:565,0
DA:566,0
DA:567,0
DA:568,0
DA:569,0
DA:570,0
DA:571,0
DA:572,0
DA:573,0
DA:574,0
DA:579,0
DA:580,0
DA:581,0
DA:582,0
DA:583,0
DA:584,0
DA:585,0
DA:586,0
DA:587,0
DA:588,0
DA:590,0
DA:594,0
DA:598,0
DA:599,0
DA:600,0
DA:601,0
DA:602,0
DA:603,0
DA:604,0
DA:605,0
DA:606,0
DA:607,0
DA:610,0
DA:612,0
DA:613,0
DA:614,0
DA:615,0
DA:616,0
DA:617,0
DA:618,0
DA:619,0
DA:620,0
DA:621,0
DA:625,0
DA:634,0
DA:635,0
DA:636,0
DA:637,0
DA:638,0
DA:639,0
DA:640,0
DA:641,0
DA:642,0
DA:644,0
DA:645,0
DA:646,0
DA:647,0
DA:648,0
DA:649,0
DA:650,0
DA:651,0
DA:652,0
DA:653,0
DA:654,0
DA:655,0
DA:656,0
DA:657,0
DA:661,0
DA:663,0
DA:664,0
DA:665,0
DA:666,0
DA:667,0
DA:668,0
DA:669,0
DA:670,0
DA:671,0
DA:672,0
DA:673,0
DA:676,0
DA:677,0
DA:678,0
DA:679,0
DA:680,0
DA:681,0
DA:682,0
DA:683,0
DA:684,0
DA:685,0
DA:687,0
DA:690,0
DA:691,0
DA:692,0
DA:693,0
DA:694,0
DA:695,0
DA:696,0
DA:697,0
DA:698,0
DA:711,0
DA:722,0
DA:732,0
DA:733,0
DA:734,0
DA:735,0
DA:736,0
DA:737,0
DA:738,0
DA:739,0
DA:750,0
DA:751,0
DA:752,0
DA:753,0
DA:754,0
DA:755,0
DA:756,0
DA:757,0
DA:758,0
DA:759,0
DA:763,0
DA:774,0
DA:775,0
DA:776,0
DA:777,0
DA:778,0
DA:779,0
DA:780,0
DA:781,0
DA:782,0
DA:783,0
DA:787,0
DA:789,0
DA:790,0
DA:791,0
DA:793,0
DA:794,0
DA:796,0
DA:797,0
DA:799,0
DA:800,0
DA:802,0
DA:803,0
DA:805,0
DA:806,0
DA:808,0
DA:809,0
DA:811,0
DA:812,0
DA:814,0
DA:815,0
DA:820,0
DA:822,0
DA:823,0
DA:824,0
DA:825,0
DA:826,0
DA:827,0
DA:828,0
DA:829,0
DA:830,0
DA:831,0
DA:832,0
DA:833,0
DA:842,0
DA:915,0
DA:916,0
DA:917,0
DA:918,0
DA:919,0
DA:920,0
DA:921,0
DA:922,0
DA:923,0
DA:925,0
DA:926,0
DA:927,0
DA:930,0
DA:935,0
DA:936,0
DA:937,0
DA:938,0
DA:940,0
DA:942,0
DA:943,0
DA:945,0
DA:948,0
DA:950,0
DA:951,0
DA:953,0
DA:956,0
DA:958,0
DA:959,0
DA:961,0
DA:964,0
DA:966,0
DA:967,0
DA:969,0
DA:972,0
DA:974,0
DA:975,0
DA:977,0
DA:980,0
DA:982,0
DA:983,0
DA:985,0
DA:988,0
DA:993,0
DA:995,0
DA:997,0
DA:998,0
DA:999,0
DA:1001,0
DA:1003,0
DA:1005,0
DA:1007,0
DA:1009,0
DA:1011,0
DA:1013,0
DA:1015,0
DA:1017,0
DA:1019,0
DA:1021,0
DA:1023,0
DA:1025,0
DA:1030,0
DA:1032,0
DA:1044,0
DA:1053,0
DA:1055,0
DA:1056,0
DA:1057,0
DA:1058,0
DA:1059,0
DA:1060,0
DA:1061,0
DA:1062,0
DA:1066,0
DA:1067,0
DA:1068,0
DA:1069,0
DA:1070,0
DA:1071,0
DA:1072,0
DA:1073,0
DA:1074,0
DA:1078,0
DA:1082,0
DA:1083,0
DA:1084,0
DA:1085,0
DA:1086,0
DA:1087,0
DA:1088,0
DA:1089,0
DA:1090,0
DA:1093,0
DA:1095,0
DA:1096,0
DA:1097,0
DA:1098,0
DA:1099,0
DA:1100,0
DA:1101,0
DA:1102,0
DA:1103,0
DA:1107,0
DA:1115,0
DA:1116,0
DA:1117,0
DA:1118,0
DA:1119,0
DA:1120,0
DA:1121,0
DA:1122,0
DA:1124,0
DA:1125,0
DA:1126,0
DA:1127,0
DA:1128,0
DA:1129,0
DA:1130,0
DA:1131,0
DA:1132,0
DA:1136,0
DA:1138,0
DA:1139,0
DA:1140,0
DA:1141,0
DA:1142,0
DA:1143,0
DA:1144,0
DA:1145,0
DA:1146,0
DA:1147,0
DA:1150,0
DA:1152,0
DA:1153,0
DA:1156,0
DA:1157,0
DA:1158,0
DA:1159,0
DA:1160,0
DA:1161,0
DA:1162,0
DA:1163,0
DA:1175,0
DA:1185,0
DA:1194,0
DA:1195,0
DA:1196,0
DA:1197,0
DA:1198,0
DA:1199,0
DA:1200,0
DA:1201,0
DA:1211,0
DA:1212,0
DA:1213,0
DA:1214,0
DA:1215,0
DA:1216,0
DA:1217,0
DA:1218,0
DA:1219,0
DA:1223,0
DA:1233,0
DA:1234,0
DA:1235,0
DA:1236,0
DA:1237,0
DA:1238,0
DA:1239,0
DA:1240,0
DA:1241,0
DA:1245,0
DA:1247,0
DA:1248,0
DA:1249,0
DA:1251,0
DA:1252,0
DA:1254,0
DA:1255,0
DA:1257,0
DA:1258,0
DA:1260,0
DA:1261,0
DA:1263,0
DA:1264,0
DA:1266,0
DA:1267,0
DA:1269,0
DA:1270,0
DA:1275,0
DA:1277,0
DA:1278,0
DA:1279,0
DA:1280,0
DA:1281,0
DA:1282,0
DA:1283,0
DA:1284,0
DA:1285,0
DA:1286,0
DA:1287,0
DA:1300,0
DA:1390,0
DA:1391,0
DA:1392,0
DA:1393,0
DA:1394,0
DA:1395,0
DA:1396,0
DA:1397,0
DA:1398,0
DA:1399,0
DA:1401,0
DA:1402,0
DA:1403,0
DA:1406,0
DA:1411,0
DA:1412,0
DA:1413,0
DA:1414,0
DA:1416,0
DA:1417,0
DA:1419,0
DA:1422,0
DA:1424,0
DA:1425,0
DA:1427,0
DA:1430,0
DA:1432,0
DA:1433,0
DA:1435,0
DA:1438,0
DA:1440,0
DA:1441,0
DA:1443,0
DA:1444,0
DA:1449,0
DA:1451,0
DA:1452,0
DA:1454,0
DA:1457,0
DA:1459,0
DA:1460,0
DA:1462,0
DA:1465,0
DA:1467,0
DA:1468,0
DA:1470,0
DA:1476,0
DA:1477,0
DA:1478,0
DA:1483,0
DA:1484,0
DA:1485,0
DA:1487,0
DA:1489,0
DA:1491,0
DA:1493,0
DA:1495,0
DA:1497,0
DA:1499,0
DA:1501,0
DA:1503,0
DA:1505,0
DA:1507,0
DA:1509,0
DA:1511,0
DA:1513,0
DA:1515,0
DA:1520,0
DA:1522,0
DA:1536,0
DA:1546,0
DA:1548,0
DA:1549,0
DA:1550,0
DA:1551,0
DA:1552,0
DA:1553,0
DA:1554,0
DA:1555,0
DA:1556,0
DA:1557,0
DA:1562,0
DA:1563,0
DA:1564,0
DA:1565,0
DA:1566,0
DA:1567,0
DA:1568,0
DA:1569,0
DA:1570,0
DA:1571,0
DA:1573,0
DA:1577,0
DA:1581,0
DA:1582,0
DA:1583,0
DA:1584,0
DA:1585,0
DA:1586,0
DA:1587,0
DA:1588,0
DA:1589,0
DA:1590,0
DA:1593,0
DA:1595,0
DA:1596,0
DA:1597,0
DA:1598,0
DA:1599,0
DA:1600,0
DA:1601,0
DA:1602,0
DA:1603,0
DA:1604,0
DA:1608,0
DA:1617,0
DA:1618,0
DA:1619,0
DA:1620,0
DA:1621,0
DA:1622,0
DA:1623,0
DA:1624,0
DA:1625,0
DA:1627,0
DA:1630,0
DA:1631,0
DA:1632,0
DA:1633,0
DA:1634,0
DA:1635,0
DA:1636,0
DA:1637,0
DA:1638,0
DA:1639,0
DA:1640,0
DA:1641,0
DA:1642,0
DA:1646,0
DA:1648,0
DA:1649,0
DA:1650,0
DA:1651,0
DA:1652,0
DA:1653,0
DA:1654,0
DA:1655,0
DA:1656,0
DA:1657,0
DA:1658,0
DA:1661,0
DA:1662,0
DA:1663,0
DA:1664,0
DA:1665,0
DA:1666,0
DA:1667,0
DA:1668,0
DA:1669,0
DA:1670,0
DA:1672,0
DA:1675,0
DA:1676,0
DA:1677,0
DA:1678,0
DA:1679,0
DA:1680,0
DA:1681,0
DA:1682,0
DA:1683,0
DA:1696,0
DA:1706,0
DA:1715,0
DA:1716,0
DA:1717,0
DA:1718,0
DA:1719,0
DA:1720,0
DA:1721,0
DA:1731,0
DA:1732,0
DA:1733,0
DA:1734,0
DA:1735,0
DA:1736,0
DA:1737,0
DA:1738,0
DA:1739,0
DA:1743,0
DA:1753,0
DA:1754,0
DA:1755,0
DA:1756,0
DA:1757,0
DA:1758,0
DA:1759,0
DA:1760,0
DA:1761,0
DA:1765,0
DA:1767,0
DA:1768,0
DA:1769,0
DA:1771,0
DA:1772,0
DA:1774,0
DA:1775,0
DA:1777,0
DA:1778,0
DA:1780,0
DA:1781,0
DA:1783,0
DA:1784,0
DA:1786,0
DA:1787,0
DA:1789,0
DA:1790,0
DA:1795,0
DA:1797,0
DA:1798,0
DA:1799,0
DA:1800,0
DA:1801,0
DA:1802,0
DA:1803,0
DA:1804,0
DA:1805,0
DA:1806,0
DA:1807,0
DA:1820,0
DA:1888,0
DA:1889,0
DA:1890,0
DA:1891,0
DA:1892,0
DA:1893,0
DA:1894,0
DA:1895,0
DA:1897,0
DA:1898,0
DA:1899,0
DA:1902,0
DA:1907,0
DA:1908,0
DA:1909,0
DA:1910,0
DA:1912,0
DA:1913,0
DA:1915,0
DA:1918,0
DA:1920,0
DA:1921,0
DA:1923,0
DA:1926,0
DA:1928,0
DA:1929,0
DA:1931,0
DA:1934,0
DA:1936,0
DA:1937,0
DA:1939,0
DA:1940,0
DA:1945,0
DA:1947,0
DA:1948,0
DA:1950,0
DA:1956,0
DA:1957,0
DA:1958,0
DA:1963,0
DA:1964,0
DA:1965,0
DA:1967,0
DA:1969,0
DA:1971,0
DA:1973,0
DA:1975,0
DA:1977,0
DA:1979,0
DA:1981,0
DA:1983,0
DA:1985,0
DA:1987,0
DA:1992,0
DA:1994,0
DA:2006,0
DA:2014,0
DA:2016,0
DA:2017,0
DA:2018,0
DA:2019,0
DA:2020,0
DA:2021,0
DA:2022,0
DA:2023,0
DA:2028,0
DA:2029,0
DA:2030,0
DA:2031,0
DA:2032,0
DA:2033,0
DA:2034,0
DA:2035,0
DA:2037,0
DA:2041,0
DA:2045,0
DA:2046,0
DA:2047,0
DA:2048,0
DA:2049,0
DA:2050,0
DA:2051,0
DA:2052,0
DA:2055,0
DA:2057,0
DA:2058,0
DA:2059,0
DA:2060,0
DA:2061,0
DA:2062,0
DA:2063,0
DA:2064,0
DA:2068,0
DA:2075,0
DA:2076,0
DA:2077,0
DA:2078,0
DA:2079,0
DA:2080,0
DA:2081,0
DA:2083,0
DA:2086,0
DA:2087,0
DA:2088,0
DA:2089,0
DA:2090,0
DA:2091,0
DA:2092,0
DA:2093,0
DA:2094,0
DA:2095,0
DA:2096,0
DA:2100,0
DA:2102,0
DA:2103,0
DA:2104,0
DA:2105,0
DA:2106,0
DA:2107,0
DA:2108,0
DA:2109,0
DA:2110,0
DA:2113,0
DA:2115,0
DA:2116,0
DA:2119,0
DA:2120,0
DA:2121,0
DA:2122,0
DA:2123,0
DA:2124,0
DA:2125,0
DA:2136,0
DA:2144,0
DA:2151,0
DA:2152,0
DA:2153,0
DA:2154,0
DA:2155,0
DA:2163,0
DA:2164,0
DA:2165,0
DA:2166,0
DA:2167,0
DA:2168,0
DA:2169,0
DA:2173,0
DA:2181,0
DA:2182,0
DA:2183,0
DA:2184,0
DA:2185,0
DA:2186,0
DA:2187,0
DA:2191,0
DA:2193,0
DA:2194,0
DA:2195,0
DA:2197,0
DA:2198,0
DA:2200,0
DA:2201,0
DA:2203,0
DA:2204,0
DA:2206,0
DA:2207,0
DA:2209,0
DA:2210,0
DA:2215,0
DA:2217,0
DA:2218,0
DA:2219,0
DA:2220,0
DA:2221,0
DA:2222,0
DA:2223,0
DA:2224,0
DA:2225,0
DA:2238,0
DA:2252,0
DA:2253,0
DA:2254,0
DA:2255,0
DA:2256,0
DA:2259,0
DA:2264,0
DA:2265,0
DA:2266,0
DA:2267,0
DA:2272,0
DA:2273,0
DA:2274,0
DA:2279,0
DA:2280,0
DA:2281,0
DA:2283,0
DA:2288,0
DA:2290,0
DA:2297,0
DA:2298,0
DA:2300,0
DA:2301,0
DA:2305,0
DA:2306,0
DA:2309,0
DA:2313,0
DA:2314,0
DA:2315,0
DA:2318,0
DA:2320,0
DA:2321,0
DA:2324,0
DA:2325,0
DA:2326,0
DA:2329,0
DA:2330,0
DA:2334,0
DA:2336,0
DA:2337,0
DA:2338,0
DA:2339,0
DA:2342,0
DA:2343,0
DA:2344,0
DA:2347,0
DA:2353,0
DA:2354,0
DA:2355,0
DA:2358,0
DA:2361,0
DA:2362,0
DA:2365,0
DA:2367,0
DA:2368,0
DA:2369,0
DA:2374,0
DA:2376,0
DA:2377,0
DA:2378,0
DA:2379,0
DA:2384,2
DA:2385,0
DA:2397,0
DA:2399,0
DA:2400,0
DA:2401,0
DA:2402,0
DA:2403,0
DA:2404,0
DA:2405,0
DA:2406,0
DA:2407,0
DA:2430,0
DA:2437,0
DA:2438,0
DA:2439,0
DA:2442,0
DA:2443,0
DA:2444,0
DA:2447,0
DA:2448,0
DA:2449,0
DA:2452,0
DA:2453,0
DA:2454,0
DA:2460,0
DA:2467,0
DA:2468,0
DA:2469,0
DA:2472,0
DA:2473,0
DA:2474,0
DA:2477,0
DA:2478,0
DA:2479,0
DA:2482,0
DA:2483,0
DA:2484,0
DA:2490,0
DA:2497,0
DA:2498,0
DA:2500,0
DA:2501,0
DA:2503,0
DA:2504,0
DA:2506,0
DA:2507,0
DA:2528,0
DA:2529,0
DA:2530,0
DA:2533,0
DA:2534,0
DA:2535,0
DA:2536,0
DA:2537,0
DA:2538,0
DA:2540,0
DA:2546,0
DA:2554,0
DA:2560,0
DA:2567,0
DA:2568,0
DA:2569,0
DA:2619,0
DA:2626,0
DA:2627,0
DA:2628,0
DA:2631,0
DA:2632,0
DA:2633,0
DA:2636,0
DA:2637,0
DA:2638,0
DA:2641,0
DA:2642,0
DA:2643,0
DA:2646,0
DA:2647,0
DA:2648,0
DA:2651,0
DA:2652,0
DA:2653,0
DA:2656,0
DA:2657,0
DA:2658,0
DA:2661,0
DA:2662,0
DA:2663,0
DA:2669,0
DA:2676,0
DA:2677,0
DA:2678,0
DA:2681,0
DA:2682,0
DA:2683,0
DA:2686,0
DA:2687,0
DA:2688,0
DA:2691,0
DA:2692,0
DA:2693,0
DA:2696,0
DA:2697,0
DA:2698,0
DA:2701,0
DA:2702,0
DA:2703,0
DA:2706,0
DA:2707,0
DA:2708,0
DA:2711,0
DA:2712,0
DA:2713,0
DA:2719,0
DA:2726,0
DA:2727,0
DA:2729,0
DA:2730,0
DA:2732,0
DA:2733,0
DA:2734,0
DA:2737,0
DA:2738,0
DA:2740,0
DA:2741,0
DA:2742,0
DA:2745,0
DA:2746,0
DA:2748,0
DA:2749,0
DA:2751,0
DA:2752,0
DA:2777,0
DA:2780,0
DA:2781,0
DA:2784,0
DA:2785,0
DA:2786,0
DA:2787,0
DA:2788,0
DA:2789,0
DA:2791,0
DA:2801,0
DA:2813,0
DA:2823,0
DA:2834,0
DA:2835,0
DA:2836,0
DA:2884,0
DA:2891,0
DA:2892,0
DA:2893,0
DA:2896,0
DA:2897,0
DA:2898,0
DA:2901,0
DA:2902,0
DA:2903,0
DA:2906,0
DA:2907,0
DA:2908,0
DA:2911,0
DA:2912,0
DA:2913,0
DA:2916,0
DA:2917,0
DA:2918,0
DA:2921,0
DA:2922,0
DA:2923,0
DA:2929,0
DA:2936,0
DA:2937,0
DA:2938,0
DA:2941,0
DA:2942,0
DA:2943,0
DA:2946,0
DA:2947,0
DA:2948,0
DA:2951,0
DA:2952,0
DA:2953,0
DA:2956,0
DA:2957,0
DA:2958,0
DA:2961,0
DA:2962,0
DA:2963,0
DA:2966,0
DA:2967,0
DA:2968,0
DA:2974,0
DA:2981,0
DA:2982,0
DA:2984,0
DA:2985,0
DA:2987,0
DA:2988,0
DA:2990,0
DA:2991,0
DA:2993,0
DA:2994,0
DA:2996,0
DA:2997,0
DA:2999,0
DA:3000,0
DA:3021,0
DA:3022,0
DA:3023,0
DA:3026,0
DA:3027,0
DA:3028,0
DA:3029,0
DA:3030,0
DA:3031,0
DA:3033,0
DA:3042,0
DA:3053,0
DA:3062,0
DA:3072,0
DA:3073,0
DA:3074,0
DA:3122,0
DA:3129,0
DA:3130,0
DA:3131,0
DA:3134,0
DA:3135,0
DA:3136,0
DA:3139,0
DA:3140,0
DA:3141,0
DA:3144,0
DA:3145,0
DA:3146,0
DA:3149,0
DA:3150,0
DA:3151,0
DA:3154,0
DA:3155,0
DA:3156,0
DA:3159,0
DA:3160,0
DA:3161,0
DA:3164,0
DA:3165,0
DA:3166,0
DA:3172,0
DA:3179,0
DA:3180,0
DA:3181,0
DA:3184,0
DA:3185,0
DA:3186,0
DA:3189,0
DA:3190,0
DA:3191,0
DA:3194,0
DA:3195,0
DA:3196,0
DA:3199,0
DA:3200,0
DA:3201,0
DA:3204,0
DA:3205,0
DA:3206,0
DA:3209,0
DA:3210,0
DA:3211,0
DA:3214,0
DA:3215,0
DA:3216,0
DA:3222,0
DA:3229,0
DA:3230,0
DA:3232,0
DA:3233,0
DA:3235,0
DA:3236,0
DA:3237,0
DA:3240,0
DA:3241,0
DA:3243,0
DA:3244,0
DA:3245,0
DA:3248,0
DA:3249,0
DA:3251,0
DA:3252,0
DA:3254,0
DA:3255,0
DA:3280,0
DA:3283,0
DA:3284,0
DA:3287,0
DA:3288,0
DA:3292,0
DA:3293,0
DA:3297,0
DA:3298,0
DA:3303,0
DA:3312,0
DA:3323,0
DA:3332,0
DA:3342,0
DA:3343,0
DA:3344,0
DA:3392,0
DA:3399,0
DA:3400,0
DA:3401,0
DA:3404,0
DA:3405,0
DA:3406,0
DA:3409,0
DA:3410,0
DA:3411,0
DA:3414,0
DA:3415,0
DA:3416,0
DA:3419,0
DA:3420,0
DA:3421,0
DA:3424,0
DA:3425,0
DA:3426,0
DA:3432,0
DA:3439,0
DA:3440,0
DA:3441,0
DA:3444,0
DA:3445,0
DA:3446,0
DA:3449,0
DA:3450,0
DA:3451,0
DA:3454,0
DA:3455,0
DA:3456,0
DA:3459,0
DA:3460,0
DA:3461,0
DA:3464,0
DA:3465,0
DA:3466,0
DA:3472,0
DA:3479,0
DA:3480,0
DA:3482,0
DA:3483,0
DA:3485,0
DA:3486,0
DA:3487,0
DA:3490,0
DA:3491,0
DA:3493,0
DA:3494,0
DA:3495,0
DA:3498,0
DA:3499,0
DA:3524,0
DA:3527,0
DA:3528,0
DA:3531,0
DA:3532,0
DA:3536,0
DA:3537,0
DA:3541,0
DA:3542,0
DA:3547,0
DA:3554,0
DA:3563,0
DA:3570,0
DA:3578,0
DA:3579,0
DA:3580,0
DA:3614,0
DA:3621,0
DA:3622,0
DA:3623,0
DA:3629,0
DA:3636,0
DA:3637,0
DA:3638,0
DA:3644,0
DA:3651,0
DA:3652,0
DA:3677,0
DA:3680,0
DA:3681,0
DA:3684,0
DA:3685,0
DA:3689,0
DA:3690,0
DA:3694,0
DA:3695,0
DA:3699,0
DA:3700,0
DA:3701,0
DA:3702,0
DA:3703,0
DA:3704,0
DA:3705,0
DA:3735,0
DA:3736,0
DA:3737,0
DA:3738,0
DA:3739,0
DA:3740,0
DA:3741,0
DA:3742,0
DA:3744,0
DA:3745,0
DA:3746,0
DA:3748,0
DA:3750,0
DA:3751,0
DA:3752,0
DA:3754,0
DA:3756,0
DA:3757,0
DA:3758,0
LF:1463
LH:1
end_of_record
SF:lib\src\data\db\models\account_table.dart
DA:5,0
DA:6,0
DA:7,0
DA:8,0
DA:9,0
DA:10,0
DA:11,0
LF:7
LH:0
end_of_record
SF:lib\src\data\db\events\delete_transaction_event.dart
DA:5,0
LF:1
LH:0
end_of_record
SF:lib\src\data\db\db.dart
DA:22,1
DA:24,0
DA:27,0
DA:29,0
DA:30,0
DA:31,0
DA:38,0
DA:39,0
LF:8
LH:1
end_of_record
SF:lib\src\data\db\models\category_table.dart
DA:5,0
DA:7,0
DA:8,0
DA:9,0
LF:4
LH:0
end_of_record
SF:lib\src\data\db\models\transaction_table.dart
DA:5,0
DA:7,0
DA:8,0
DA:10,0
DA:11,0
DA:12,0
DA:13,0
DA:14,0
LF:8
LH:0
end_of_record
SF:lib\src\data\db\events\update_transaction_event.dart
DA:5,0
DA:7,0
DA:8,0
DA:10,0
DA:11,0
DA:12,0
LF:6
LH:0
end_of_record
SF:lib\src\data\db\events\create_transaction_event.dart
DA:5,0
DA:7,0
DA:8,0
DA:10,0
DA:11,0
DA:12,0
DA:13,0
DA:14,0
LF:8
LH:0
end_of_record
SF:lib\src\data\repositories\impl\category_repository_impl.dart
DA:11,0
DA:17,0
DA:23,0
DA:25,0
DA:29,0
DA:33,0
DA:34,0
DA:35,0
DA:36,0
DA:37,0
DA:38,0
DA:41,0
DA:43,0
DA:49,0
DA:50,0
DA:51,0
DA:53,0
DA:57,0
DA:59,0
DA:61,0
DA:63,0
DA:64,0
DA:65,0
DA:67,0
DA:68,0
DA:70,0
LF:26
LH:0
end_of_record
SF:lib\src\domain\models\category\category_model.dart
DA:15,0
DA:16,0
LF:2
LH:0
end_of_record
SF:lib\src\domain\models\category\category_model.g.dart
DA:9,0
DA:10,0
DA:11,0
DA:12,0
DA:13,0
DA:14,0
DA:17,0
DA:18,0
DA:19,0
DA:20,0
DA:21,0
DA:22,0
LF:12
LH:0
end_of_record
SF:lib\core\config\config.dart
DA:4,0
DA:5,0
DA:6,0
DA:7,0
DA:8,0
DA:12,0
DA:14,0
DA:15,0
LF:8
LH:0
end_of_record
SF:lib\core\utils\conecction_extension.dart
DA:4,0
DA:5,0
DA:7,0
LF:3
LH:0
end_of_record
